<?xml version="1.0" encoding="UTF-8"?>
<coverage generated="1599330431384" clover="3.2.0">
  <project timestamp="1599330431384" name="All files">
    <metrics statements="181" coveredstatements="112" conditionals="165" coveredconditionals="118" methods="40" coveredmethods="24" elements="386" coveredelements="254" complexity="0" loc="181" ncloc="181" packages="8" files="27" classes="27"/>
    <package name="Calendars">
      <metrics statements="60" coveredstatements="4" conditionals="31" coveredconditionals="0" methods="11" coveredmethods="0"/>
      <file name="BaseCalendar.tsx" path="/Users/aryella.lacerda/Developer/react-native-easy-calendar/src/Calendars/BaseCalendar.tsx">
        <metrics statements="60" coveredstatements="4" conditionals="31" coveredconditionals="0" methods="11" coveredmethods="0"/>
        <line num="31" count="3" type="stmt"/>
        <line num="32" count="3" type="stmt"/>
        <line num="33" count="3" type="stmt"/>
        <line num="60" count="3" type="stmt"/>
        <line num="75" count="0" type="stmt"/>
        <line num="76" count="0" type="stmt"/>
        <line num="78" count="0" type="stmt"/>
        <line num="79" count="0" type="stmt"/>
        <line num="80" count="0" type="stmt"/>
        <line num="81" count="0" type="stmt"/>
        <line num="85" count="0" type="stmt"/>
        <line num="86" count="0" type="stmt"/>
        <line num="90" count="0" type="stmt"/>
        <line num="92" count="0" type="stmt"/>
        <line num="94" count="0" type="cond" truecount="0" falsecount="2"/>
        <line num="95" count="0" type="cond" truecount="0" falsecount="2"/>
        <line num="96" count="0" type="stmt"/>
        <line num="98" count="0" type="stmt"/>
        <line num="105" count="0" type="stmt"/>
        <line num="107" count="0" type="cond" truecount="0" falsecount="2"/>
        <line num="108" count="0" type="cond" truecount="0" falsecount="2"/>
        <line num="109" count="0" type="stmt"/>
        <line num="111" count="0" type="stmt"/>
        <line num="118" count="0" type="stmt"/>
        <line num="120" count="0" type="stmt"/>
        <line num="122" count="0" type="cond" truecount="0" falsecount="2"/>
        <line num="123" count="0" type="stmt"/>
        <line num="124" count="0" type="stmt"/>
        <line num="125" count="0" type="stmt"/>
        <line num="128" count="0" type="cond" truecount="0" falsecount="2"/>
        <line num="129" count="0" type="stmt"/>
        <line num="130" count="0" type="stmt"/>
        <line num="131" count="0" type="stmt"/>
        <line num="137" count="0" type="stmt"/>
        <line num="138" count="0" type="stmt"/>
        <line num="139" count="0" type="stmt"/>
        <line num="147" count="0" type="stmt"/>
        <line num="148" count="0" type="stmt"/>
        <line num="149" count="0" type="stmt"/>
        <line num="150" count="0" type="stmt"/>
        <line num="153" count="0" type="stmt"/>
        <line num="154" count="0" type="stmt"/>
        <line num="155" count="0" type="stmt"/>
        <line num="156" count="0" type="stmt"/>
        <line num="157" count="0" type="stmt"/>
        <line num="160" count="0" type="stmt"/>
        <line num="161" count="0" type="stmt"/>
        <line num="162" count="0" type="stmt"/>
        <line num="163" count="0" type="stmt"/>
        <line num="166" count="0" type="stmt"/>
        <line num="167" count="0" type="stmt"/>
        <line num="168" count="0" type="stmt"/>
        <line num="169" count="0" type="stmt"/>
        <line num="172" count="0" type="stmt"/>
        <line num="173" count="0" type="stmt"/>
        <line num="174" count="0" type="stmt"/>
        <line num="177" count="0" type="cond" truecount="0" falsecount="2"/>
        <line num="178" count="0" type="cond" truecount="0" falsecount="2"/>
        <line num="179" count="0" type="cond" truecount="0" falsecount="2"/>
        <line num="181" count="0" type="stmt"/>
      </file>
    </package>
    <package name="Components">
      <metrics statements="67" coveredstatements="65" conditionals="129" coveredconditionals="115" methods="19" coveredmethods="18"/>
      <file name="Arrow.tsx" path="/Users/aryella.lacerda/Developer/react-native-easy-calendar/src/Components/Arrow.tsx">
        <metrics statements="4" coveredstatements="4" conditionals="6" coveredconditionals="5" methods="1" coveredmethods="1"/>
        <line num="14" count="4" type="stmt"/>
        <line num="15" count="9" type="stmt"/>
        <line num="17" count="9" type="stmt"/>
        <line num="42" count="4" type="stmt"/>
      </file>
      <file name="Day.tsx" path="/Users/aryella.lacerda/Developer/react-native-easy-calendar/src/Components/Day.tsx">
        <metrics statements="10" coveredstatements="10" conditionals="77" coveredconditionals="69" methods="2" coveredmethods="2"/>
        <line num="13" count="4" type="stmt"/>
        <line num="28" count="4" type="stmt"/>
        <line num="43" count="446" type="stmt"/>
        <line num="45" count="446" type="stmt"/>
        <line num="46" count="2" type="cond" truecount="1" falsecount="1"/>
        <line num="47" count="2" type="stmt"/>
        <line num="51" count="446" type="cond" truecount="3" falsecount="0"/>
        <line num="56" count="446" type="cond" truecount="2" falsecount="0"/>
        <line num="57" count="54" type="stmt"/>
        <line num="72" count="392" type="stmt"/>
      </file>
      <file name="Days.tsx" path="/Users/aryella.lacerda/Developer/react-native-easy-calendar/src/Components/Days.tsx">
        <metrics statements="18" coveredstatements="16" conditionals="11" coveredconditionals="8" methods="4" coveredmethods="4"/>
        <line num="23" count="3" type="stmt"/>
        <line num="32" count="12" type="stmt"/>
        <line num="33" count="12" type="stmt"/>
        <line num="34" count="12" type="stmt"/>
        <line num="37" count="12" type="stmt"/>
        <line num="38" count="12" type="stmt"/>
        <line num="39" count="12" type="stmt"/>
        <line num="41" count="12" type="cond" truecount="1" falsecount="1"/>
        <line num="42" count="0" type="stmt"/>
        <line num="47" count="0" type="stmt"/>
        <line num="52" count="12" type="stmt"/>
        <line num="53" count="12" type="stmt"/>
        <line num="56" count="12" type="cond" truecount="2" falsecount="0"/>
        <line num="57" count="12" type="stmt"/>
        <line num="60" count="41" type="stmt"/>
        <line num="70" count="366" type="stmt"/>
        <line num="71" count="366" type="stmt"/>
        <line num="92" count="13" type="stmt"/>
      </file>
      <file name="Month.tsx" path="/Users/aryella.lacerda/Developer/react-native-easy-calendar/src/Components/Month.tsx">
        <metrics statements="5" coveredstatements="5" conditionals="8" coveredconditionals="8" methods="1" coveredmethods="1"/>
        <line num="14" count="4" type="stmt"/>
        <line num="15" count="192" type="stmt"/>
        <line num="16" count="192" type="stmt"/>
        <line num="17" count="192" type="stmt"/>
        <line num="19" count="192" type="stmt"/>
      </file>
      <file name="Months.page.tsx" path="/Users/aryella.lacerda/Developer/react-native-easy-calendar/src/Components/Months.page.tsx">
        <metrics statements="8" coveredstatements="8" conditionals="13" coveredconditionals="13" methods="2" coveredmethods="1"/>
        <line num="30" count="25" type="stmt"/>
        <line num="45" count="25" type="stmt"/>
        <line num="46" count="25" type="cond" truecount="2" falsecount="0"/>
        <line num="47" count="25" type="cond" truecount="2" falsecount="0"/>
        <line num="49" count="25" type="cond" truecount="2" falsecount="0"/>
        <line num="50" count="25" type="cond" truecount="2" falsecount="0"/>
        <line num="56" count="1" type="stmt"/>
        <line num="61" count="1" type="stmt"/>
      </file>
      <file name="Months.tsx" path="/Users/aryella.lacerda/Developer/react-native-easy-calendar/src/Components/Months.tsx">
        <metrics statements="13" coveredstatements="13" conditionals="12" coveredconditionals="11" methods="5" coveredmethods="5"/>
        <line num="26" count="3" type="stmt"/>
        <line num="34" count="25" type="stmt"/>
        <line num="36" count="25" type="stmt"/>
        <line num="42" count="25" type="stmt"/>
        <line num="43" count="25" type="stmt"/>
        <line num="45" count="14" type="cond" truecount="3" falsecount="1"/>
        <line num="46" count="14" type="stmt"/>
        <line num="47" count="14" type="stmt"/>
        <line num="49" count="14" type="stmt"/>
        <line num="55" count="25" type="cond" truecount="2" falsecount="0"/>
        <line num="56" count="25" type="stmt"/>
        <line num="59" count="300" type="stmt"/>
        <line num="64" count="2" type="stmt"/>
      </file>
      <file name="Title.tsx" path="/Users/aryella.lacerda/Developer/react-native-easy-calendar/src/Components/Title.tsx">
        <metrics statements="5" coveredstatements="5" conditionals="2" coveredconditionals="1" methods="2" coveredmethods="2"/>
        <line num="15" count="3" type="stmt"/>
        <line num="16" count="8" type="stmt"/>
        <line num="19" count="8" type="cond" truecount="1" falsecount="1"/>
        <line num="22" count="8" type="stmt"/>
        <line num="24" count="8" type="stmt"/>
      </file>
      <file name="Weekdays.tsx" path="/Users/aryella.lacerda/Developer/react-native-easy-calendar/src/Components/Weekdays.tsx">
        <metrics statements="4" coveredstatements="4" conditionals="0" coveredconditionals="0" methods="2" coveredmethods="2"/>
        <line num="11" count="4" type="stmt"/>
        <line num="12" count="4" type="stmt"/>
        <line num="14" count="4" type="stmt"/>
        <line num="17" count="28" type="stmt"/>
      </file>
      <file name="index.ts" path="/Users/aryella.lacerda/Developer/react-native-easy-calendar/src/Components/index.ts">
        <metrics statements="0" coveredstatements="0" conditionals="0" coveredconditionals="0" methods="0" coveredmethods="0"/>
      </file>
    </package>
    <package name="Contexts">
      <metrics statements="2" coveredstatements="2" conditionals="0" coveredconditionals="0" methods="0" coveredmethods="0"/>
      <file name="LocaleContext.tsx" path="/Users/aryella.lacerda/Developer/react-native-easy-calendar/src/Contexts/LocaleContext.tsx">
        <metrics statements="1" coveredstatements="1" conditionals="0" coveredconditionals="0" methods="0" coveredmethods="0"/>
        <line num="5" count="7" type="stmt"/>
      </file>
      <file name="ThemeContext.tsx" path="/Users/aryella.lacerda/Developer/react-native-easy-calendar/src/Contexts/ThemeContext.tsx">
        <metrics statements="1" coveredstatements="1" conditionals="0" coveredconditionals="0" methods="0" coveredmethods="0"/>
        <line num="5" count="7" type="stmt"/>
      </file>
      <file name="index.ts" path="/Users/aryella.lacerda/Developer/react-native-easy-calendar/src/Contexts/index.ts">
        <metrics statements="0" coveredstatements="0" conditionals="0" coveredconditionals="0" methods="0" coveredmethods="0"/>
      </file>
    </package>
    <package name="Hooks">
      <metrics statements="11" coveredstatements="11" conditionals="0" coveredconditionals="0" methods="2" coveredmethods="2"/>
      <file name="index.ts" path="/Users/aryella.lacerda/Developer/react-native-easy-calendar/src/Hooks/index.ts">
        <metrics statements="0" coveredstatements="0" conditionals="0" coveredconditionals="0" methods="0" coveredmethods="0"/>
      </file>
      <file name="useSurroundingTimeUnits.ts" path="/Users/aryella.lacerda/Developer/react-native-easy-calendar/src/Hooks/useSurroundingTimeUnits.ts">
        <metrics statements="11" coveredstatements="11" conditionals="0" coveredconditionals="0" methods="2" coveredmethods="2"/>
        <line num="6" count="4" type="stmt"/>
        <line num="7" count="4" type="stmt"/>
        <line num="9" count="4" type="stmt"/>
        <line num="10" count="15" type="stmt"/>
        <line num="11" count="15" type="stmt"/>
        <line num="12" count="15" type="stmt"/>
        <line num="14" count="15" type="stmt"/>
        <line num="31" count="15" type="stmt"/>
        <line num="32" count="15" type="stmt"/>
        <line num="34" count="15" type="stmt"/>
        <line num="53" count="15" type="stmt"/>
      </file>
    </package>
    <package name="Icons">
      <metrics statements="1" coveredstatements="1" conditionals="0" coveredconditionals="0" methods="0" coveredmethods="0"/>
      <file name="index.ts" path="/Users/aryella.lacerda/Developer/react-native-easy-calendar/src/Icons/index.ts">
        <metrics statements="0" coveredstatements="0" conditionals="0" coveredconditionals="0" methods="0" coveredmethods="0"/>
      </file>
      <file name="rightArrow.png" path="/Users/aryella.lacerda/Developer/react-native-easy-calendar/src/Icons/rightArrow.png">
        <metrics statements="1" coveredstatements="1" conditionals="0" coveredconditionals="0" methods="0" coveredmethods="0"/>
        <line num="1" count="4" type="stmt"/>
      </file>
    </package>
    <package name="Locales">
      <metrics statements="0" coveredstatements="0" conditionals="0" coveredconditionals="0" methods="0" coveredmethods="0"/>
      <file name="index.ts" path="/Users/aryella.lacerda/Developer/react-native-easy-calendar/src/Locales/index.ts">
        <metrics statements="0" coveredstatements="0" conditionals="0" coveredconditionals="0" methods="0" coveredmethods="0"/>
      </file>
    </package>
    <package name="Themes">
      <metrics statements="7" coveredstatements="7" conditionals="0" coveredconditionals="0" methods="0" coveredmethods="0"/>
      <file name="DefaultTheme.ts" path="/Users/aryella.lacerda/Developer/react-native-easy-calendar/src/Themes/DefaultTheme.ts">
        <metrics statements="7" coveredstatements="7" conditionals="0" coveredconditionals="0" methods="0" coveredmethods="0"/>
        <line num="6" count="7" type="stmt"/>
        <line num="7" count="7" type="stmt"/>
        <line num="8" count="7" type="stmt"/>
        <line num="10" count="7" type="stmt"/>
        <line num="42" count="7" type="stmt"/>
        <line num="94" count="7" type="stmt"/>
        <line num="103" count="7" type="stmt"/>
      </file>
      <file name="index.ts" path="/Users/aryella.lacerda/Developer/react-native-easy-calendar/src/Themes/index.ts">
        <metrics statements="0" coveredstatements="0" conditionals="0" coveredconditionals="0" methods="0" coveredmethods="0"/>
      </file>
    </package>
    <package name="Utils">
      <metrics statements="33" coveredstatements="22" conditionals="5" coveredconditionals="3" methods="8" coveredmethods="4"/>
      <file name="addOpacity.ts" path="/Users/aryella.lacerda/Developer/react-native-easy-calendar/src/Utils/addOpacity.ts">
        <metrics statements="5" coveredstatements="5" conditionals="0" coveredconditionals="0" methods="1" coveredmethods="1"/>
        <line num="3" count="8" type="stmt"/>
        <line num="4" count="28" type="stmt"/>
        <line num="6" count="28" type="stmt"/>
        <line num="10" count="28" type="stmt"/>
        <line num="12" count="28" type="stmt"/>
      </file>
      <file name="checkChangedProps.ts" path="/Users/aryella.lacerda/Developer/react-native-easy-calendar/src/Utils/checkChangedProps.ts">
        <metrics statements="4" coveredstatements="0" conditionals="0" coveredconditionals="0" methods="3" coveredmethods="0"/>
        <line num="2" count="0" type="stmt"/>
        <line num="4" count="0" type="stmt"/>
        <line num="7" count="0" type="stmt"/>
        <line num="9" count="0" type="stmt"/>
      </file>
      <file name="clamp.ts" path="/Users/aryella.lacerda/Developer/react-native-easy-calendar/src/Utils/clamp.ts">
        <metrics statements="2" coveredstatements="2" conditionals="0" coveredconditionals="0" methods="1" coveredmethods="1"/>
        <line num="1" count="9" type="stmt"/>
        <line num="2" count="44" type="stmt"/>
      </file>
      <file name="dateRange.ts" path="/Users/aryella.lacerda/Developer/react-native-easy-calendar/src/Utils/dateRange.ts">
        <metrics statements="10" coveredstatements="10" conditionals="3" coveredconditionals="3" methods="1" coveredmethods="1"/>
        <line num="3" count="8" type="cond" truecount="1" falsecount="0"/>
        <line num="4" count="40" type="stmt"/>
        <line num="5" count="40" type="stmt"/>
        <line num="7" count="40" type="cond" truecount="2" falsecount="0"/>
        <line num="8" count="1" type="stmt"/>
        <line num="12" count="39" type="stmt"/>
        <line num="14" count="39" type="stmt"/>
        <line num="15" count="670" type="stmt"/>
        <line num="16" count="670" type="stmt"/>
        <line num="19" count="39" type="stmt"/>
      </file>
      <file name="getExtraDays.ts" path="/Users/aryella.lacerda/Developer/react-native-easy-calendar/src/Utils/getExtraDays.ts">
        <metrics statements="8" coveredstatements="1" conditionals="2" coveredconditionals="0" methods="1" coveredmethods="0"/>
        <line num="4" count="7" type="stmt"/>
        <line num="5" count="0" type="stmt"/>
        <line num="6" count="0" type="stmt"/>
        <line num="9" count="0" type="cond" truecount="0" falsecount="2"/>
        <line num="10" count="0" type="stmt"/>
        <line num="18" count="0" type="stmt"/>
        <line num="19" count="0" type="stmt"/>
        <line num="21" count="0" type="stmt"/>
      </file>
      <file name="getSurroundingTimeUnits.ts" path="/Users/aryella.lacerda/Developer/react-native-easy-calendar/src/Utils/getSurroundingTimeUnits.ts">
        <metrics statements="4" coveredstatements="4" conditionals="0" coveredconditionals="0" methods="1" coveredmethods="1"/>
        <line num="3" count="8" type="stmt"/>
        <line num="4" count="10" type="stmt"/>
        <line num="8" count="10" type="stmt"/>
        <line num="13" count="10" type="stmt"/>
      </file>
      <file name="index.ts" path="/Users/aryella.lacerda/Developer/react-native-easy-calendar/src/Utils/index.ts">
        <metrics statements="0" coveredstatements="0" conditionals="0" coveredconditionals="0" methods="0" coveredmethods="0"/>
      </file>
    </package>
  </project>
</coverage>
