{"/Users/aryella.lacerda/Developer/react-native-easy-calendar/src/Calendars/BaseCalendar.tsx": {"path":"/Users/aryella.lacerda/Developer/react-native-easy-calendar/src/Calendars/BaseCalendar.tsx","statementMap":{"0":{"start":{"line":31,"column":0},"end":{"line":31,"column":25}},"1":{"start":{"line":32,"column":0},"end":{"line":32,"column":30}},"2":{"start":{"line":33,"column":0},"end":{"line":33,"column":18}},"3":{"start":{"line":60,"column":38},"end":{"line":226,"column":1}},"4":{"start":{"line":75,"column":16},"end":{"line":75,"column":53}},"5":{"start":{"line":76,"column":17},"end":{"line":76,"column":56}},"6":{"start":{"line":78,"column":50},"end":{"line":78,"column":74}},"7":{"start":{"line":79,"column":48},"end":{"line":79,"column":72}},"8":{"start":{"line":80,"column":38},"end":{"line":80,"column":64}},"9":{"start":{"line":81,"column":40},"end":{"line":83,"column":3}},"10":{"start":{"line":85,"column":33},"end":{"line":88,"column":3}},"11":{"start":{"line":86,"column":10},"end":{"line":86,"column":56}},"12":{"start":{"line":90,"column":26},"end":{"line":90,"column":62}},"13":{"start":{"line":92,"column":34},"end":{"line":103,"column":3}},"14":{"start":{"line":94,"column":6},"end":{"line":100,"column":7}},"15":{"start":{"line":95,"column":8},"end":{"line":99,"column":9}},"16":{"start":{"line":96,"column":10},"end":{"line":96,"column":34}},"17":{"start":{"line":98,"column":10},"end":{"line":98,"column":35}},"18":{"start":{"line":105,"column":36},"end":{"line":116,"column":3}},"19":{"start":{"line":107,"column":6},"end":{"line":113,"column":7}},"20":{"start":{"line":108,"column":8},"end":{"line":112,"column":9}},"21":{"start":{"line":109,"column":10},"end":{"line":109,"column":33}},"22":{"start":{"line":111,"column":10},"end":{"line":111,"column":34}},"23":{"start":{"line":118,"column":29},"end":{"line":135,"column":3}},"24":{"start":{"line":120,"column":45},"end":{"line":120,"column":84}},"25":{"start":{"line":122,"column":6},"end":{"line":126,"column":7}},"26":{"start":{"line":123,"column":8},"end":{"line":123,"column":33}},"27":{"start":{"line":124,"column":8},"end":{"line":124,"column":44}},"28":{"start":{"line":125,"column":8},"end":{"line":125,"column":46}},"29":{"start":{"line":128,"column":6},"end":{"line":132,"column":7}},"30":{"start":{"line":129,"column":8},"end":{"line":129,"column":34}},"31":{"start":{"line":130,"column":8},"end":{"line":130,"column":45}},"32":{"start":{"line":131,"column":8},"end":{"line":131,"column":47}},"33":{"start":{"line":137,"column":2},"end":{"line":145,"column":5}},"34":{"start":{"line":138,"column":4},"end":{"line":138,"column":46}},"35":{"start":{"line":139,"column":4},"end":{"line":139,"column":46}},"36":{"start":{"line":147,"column":19},"end":{"line":151,"column":65}},"37":{"start":{"line":148,"column":4},"end":{"line":148,"column":54}},"38":{"start":{"line":149,"column":4},"end":{"line":149,"column":45}},"39":{"start":{"line":150,"column":4},"end":{"line":150,"column":49}},"40":{"start":{"line":153,"column":24},"end":{"line":158,"column":65}},"41":{"start":{"line":154,"column":4},"end":{"line":154,"column":51}},"42":{"start":{"line":155,"column":4},"end":{"line":155,"column":54}},"43":{"start":{"line":156,"column":4},"end":{"line":156,"column":49}},"44":{"start":{"line":157,"column":4},"end":{"line":157,"column":48}},"45":{"start":{"line":160,"column":18},"end":{"line":164,"column":64}},"46":{"start":{"line":161,"column":4},"end":{"line":161,"column":60}},"47":{"start":{"line":162,"column":4},"end":{"line":162,"column":44}},"48":{"start":{"line":163,"column":4},"end":{"line":163,"column":48}},"49":{"start":{"line":166,"column":23},"end":{"line":170,"column":64}},"50":{"start":{"line":167,"column":4},"end":{"line":167,"column":60}},"51":{"start":{"line":168,"column":4},"end":{"line":168,"column":48}},"52":{"start":{"line":169,"column":4},"end":{"line":169,"column":47}},"53":{"start":{"line":172,"column":23},"end":{"line":175,"column":3}},"54":{"start":{"line":173,"column":4},"end":{"line":173,"column":35}},"55":{"start":{"line":174,"column":4},"end":{"line":174,"column":39}},"56":{"start":{"line":177,"column":19},"end":{"line":177,"column":52}},"57":{"start":{"line":178,"column":16},"end":{"line":178,"column":43}},"58":{"start":{"line":179,"column":16},"end":{"line":179,"column":43}},"59":{"start":{"line":181,"column":2},"end":{"line":225,"column":4}}},"fnMap":{"0":{"name":"(anonymous_0)","decl":{"start":{"line":60,"column":38},"end":{"line":60,"column":39}},"loc":{"start":{"line":74,"column":6},"end":{"line":226,"column":1}},"line":74},"1":{"name":"(anonymous_1)","decl":{"start":{"line":86,"column":4},"end":{"line":86,"column":5}},"loc":{"start":{"line":86,"column":10},"end":{"line":86,"column":56}},"line":86},"2":{"name":"(anonymous_2)","decl":{"start":{"line":93,"column":4},"end":{"line":93,"column":5}},"loc":{"start":{"line":93,"column":14},"end":{"line":101,"column":5}},"line":93},"3":{"name":"(anonymous_3)","decl":{"start":{"line":106,"column":4},"end":{"line":106,"column":5}},"loc":{"start":{"line":106,"column":14},"end":{"line":114,"column":5}},"line":106},"4":{"name":"(anonymous_4)","decl":{"start":{"line":119,"column":4},"end":{"line":119,"column":5}},"loc":{"start":{"line":119,"column":46},"end":{"line":133,"column":5}},"line":119},"5":{"name":"(anonymous_5)","decl":{"start":{"line":137,"column":12},"end":{"line":137,"column":13}},"loc":{"start":{"line":137,"column":18},"end":{"line":140,"column":3}},"line":137},"6":{"name":"(anonymous_6)","decl":{"start":{"line":147,"column":31},"end":{"line":147,"column":32}},"loc":{"start":{"line":147,"column":37},"end":{"line":151,"column":3}},"line":147},"7":{"name":"(anonymous_7)","decl":{"start":{"line":153,"column":36},"end":{"line":153,"column":37}},"loc":{"start":{"line":153,"column":42},"end":{"line":158,"column":3}},"line":153},"8":{"name":"(anonymous_8)","decl":{"start":{"line":160,"column":30},"end":{"line":160,"column":31}},"loc":{"start":{"line":160,"column":36},"end":{"line":164,"column":3}},"line":160},"9":{"name":"(anonymous_9)","decl":{"start":{"line":166,"column":35},"end":{"line":166,"column":36}},"loc":{"start":{"line":166,"column":41},"end":{"line":170,"column":3}},"line":166},"10":{"name":"(anonymous_10)","decl":{"start":{"line":172,"column":23},"end":{"line":172,"column":24}},"loc":{"start":{"line":172,"column":51},"end":{"line":175,"column":3}},"line":172}},"branchMap":{"0":{"loc":{"start":{"line":82,"column":4},"end":{"line":82,"column":47}},"type":"binary-expr","locations":[{"start":{"line":82,"column":4},"end":{"line":82,"column":19}},{"start":{"line":82,"column":23},"end":{"line":82,"column":47}}],"line":82},"1":{"loc":{"start":{"line":94,"column":6},"end":{"line":100,"column":7}},"type":"if","locations":[{"start":{"line":94,"column":6},"end":{"line":100,"column":7}},{"start":{"line":94,"column":6},"end":{"line":100,"column":7}}],"line":94},"2":{"loc":{"start":{"line":95,"column":8},"end":{"line":99,"column":9}},"type":"if","locations":[{"start":{"line":95,"column":8},"end":{"line":99,"column":9}},{"start":{"line":95,"column":8},"end":{"line":99,"column":9}}],"line":95},"3":{"loc":{"start":{"line":107,"column":6},"end":{"line":113,"column":7}},"type":"if","locations":[{"start":{"line":107,"column":6},"end":{"line":113,"column":7}},{"start":{"line":107,"column":6},"end":{"line":113,"column":7}}],"line":107},"4":{"loc":{"start":{"line":108,"column":8},"end":{"line":112,"column":9}},"type":"if","locations":[{"start":{"line":108,"column":8},"end":{"line":112,"column":9}},{"start":{"line":108,"column":8},"end":{"line":112,"column":9}}],"line":108},"5":{"loc":{"start":{"line":119,"column":5},"end":{"line":119,"column":41}},"type":"default-arg","locations":[{"start":{"line":119,"column":30},"end":{"line":119,"column":41}}],"line":119},"6":{"loc":{"start":{"line":122,"column":6},"end":{"line":126,"column":7}},"type":"if","locations":[{"start":{"line":122,"column":6},"end":{"line":126,"column":7}},{"start":{"line":122,"column":6},"end":{"line":126,"column":7}}],"line":122},"7":{"loc":{"start":{"line":128,"column":6},"end":{"line":132,"column":7}},"type":"if","locations":[{"start":{"line":128,"column":6},"end":{"line":132,"column":7}},{"start":{"line":128,"column":6},"end":{"line":132,"column":7}}],"line":128},"8":{"loc":{"start":{"line":177,"column":19},"end":{"line":177,"column":52}},"type":"binary-expr","locations":[{"start":{"line":177,"column":19},"end":{"line":177,"column":33}},{"start":{"line":177,"column":37},"end":{"line":177,"column":52}}],"line":177},"9":{"loc":{"start":{"line":178,"column":16},"end":{"line":178,"column":43}},"type":"binary-expr","locations":[{"start":{"line":178,"column":16},"end":{"line":178,"column":27}},{"start":{"line":178,"column":31},"end":{"line":178,"column":43}}],"line":178},"10":{"loc":{"start":{"line":179,"column":16},"end":{"line":179,"column":43}},"type":"binary-expr","locations":[{"start":{"line":179,"column":16},"end":{"line":179,"column":27}},{"start":{"line":179,"column":31},"end":{"line":179,"column":43}}],"line":179},"11":{"loc":{"start":{"line":187,"column":19},"end":{"line":187,"column":75}},"type":"cond-expr","locations":[{"start":{"line":187,"column":47},"end":{"line":187,"column":60}},{"start":{"line":187,"column":63},"end":{"line":187,"column":75}}],"line":187},"12":{"loc":{"start":{"line":198,"column":19},"end":{"line":198,"column":65}},"type":"cond-expr","locations":[{"start":{"line":198,"column":47},"end":{"line":198,"column":55}},{"start":{"line":198,"column":58},"end":{"line":198,"column":65}}],"line":198},"13":{"loc":{"start":{"line":201,"column":7},"end":{"line":223,"column":7}},"type":"cond-expr","locations":[{"start":{"line":202,"column":8},"end":{"line":213,"column":11}},{"start":{"line":215,"column":8},"end":{"line":222,"column":10}}],"line":201},"14":{"loc":{"start":{"line":218,"column":19},"end":{"line":218,"column":72}},"type":"cond-expr","locations":[{"start":{"line":218,"column":29},"end":{"line":218,"column":60}},{"start":{"line":218,"column":63},"end":{"line":218,"column":72}}],"line":218},"15":{"loc":{"start":{"line":219,"column":19},"end":{"line":219,"column":72}},"type":"cond-expr","locations":[{"start":{"line":219,"column":29},"end":{"line":219,"column":60}},{"start":{"line":219,"column":63},"end":{"line":219,"column":72}}],"line":219}},"s":{"0":3,"1":3,"2":3,"3":3,"4":0,"5":0,"6":0,"7":0,"8":0,"9":0,"10":0,"11":0,"12":0,"13":0,"14":0,"15":0,"16":0,"17":0,"18":0,"19":0,"20":0,"21":0,"22":0,"23":0,"24":0,"25":0,"26":0,"27":0,"28":0,"29":0,"30":0,"31":0,"32":0,"33":0,"34":0,"35":0,"36":0,"37":0,"38":0,"39":0,"40":0,"41":0,"42":0,"43":0,"44":0,"45":0,"46":0,"47":0,"48":0,"49":0,"50":0,"51":0,"52":0,"53":0,"54":0,"55":0,"56":0,"57":0,"58":0,"59":0},"f":{"0":0,"1":0,"2":0,"3":0,"4":0,"5":0,"6":0,"7":0,"8":0,"9":0,"10":0},"b":{"0":[0,0],"1":[0,0],"2":[0,0],"3":[0,0],"4":[0,0],"5":[0],"6":[0,0],"7":[0,0],"8":[0,0],"9":[0,0],"10":[0,0],"11":[0,0],"12":[0,0],"13":[0,0],"14":[0,0],"15":[0,0]},"_coverageSchema":"1a1c01bbd47fc00a2c39e90264f33305004495a9","hash":"60421bf0b71261d98fc1334d0c85ee46548f2d2f"}
,"/Users/aryella.lacerda/Developer/react-native-easy-calendar/src/Components/Arrow.tsx": {"path":"/Users/aryella.lacerda/Developer/react-native-easy-calendar/src/Components/Arrow.tsx","statementMap":{"0":{"start":{"line":14,"column":31},"end":{"line":38,"column":1}},"1":{"start":{"line":15,"column":16},"end":{"line":15,"column":53}},"2":{"start":{"line":17,"column":2},"end":{"line":37,"column":4}},"3":{"start":{"line":42,"column":15},"end":{"line":46,"column":2}}},"fnMap":{"0":{"name":"(anonymous_0)","decl":{"start":{"line":14,"column":31},"end":{"line":14,"column":32}},"loc":{"start":{"line":14,"column":71},"end":{"line":38,"column":1}},"line":14}},"branchMap":{"0":{"loc":{"start":{"line":25,"column":42},"end":{"line":25,"column":84}},"type":"binary-expr","locations":[{"start":{"line":25,"column":42},"end":{"line":25,"column":52}},{"start":{"line":25,"column":56},"end":{"line":25,"column":84}}],"line":25},"1":{"loc":{"start":{"line":32,"column":10},"end":{"line":32,"column":48}},"type":"binary-expr","locations":[{"start":{"line":32,"column":10},"end":{"line":32,"column":20}},{"start":{"line":32,"column":24},"end":{"line":32,"column":48}}],"line":32},"2":{"loc":{"start":{"line":33,"column":10},"end":{"line":33,"column":47}},"type":"binary-expr","locations":[{"start":{"line":33,"column":10},"end":{"line":33,"column":31}},{"start":{"line":33,"column":35},"end":{"line":33,"column":47}}],"line":33}},"s":{"0":4,"1":9,"2":9,"3":4},"f":{"0":9},"b":{"0":[9,3],"1":[9,3],"2":[9,0]},"_coverageSchema":"1a1c01bbd47fc00a2c39e90264f33305004495a9","hash":"5bd2194e6e382c60ffb60460a0a2869f388174bd"}
,"/Users/aryella.lacerda/Developer/react-native-easy-calendar/src/Components/Day.tsx": {"path":"/Users/aryella.lacerda/Developer/react-native-easy-calendar/src/Components/Day.tsx","statementMap":{"0":{"start":{"line":13,"column":0},"end":{"line":13,"column":18}},"1":{"start":{"line":28,"column":29},"end":{"line":123,"column":1}},"2":{"start":{"line":43,"column":16},"end":{"line":43,"column":53}},"3":{"start":{"line":45,"column":19},"end":{"line":49,"column":3}},"4":{"start":{"line":46,"column":4},"end":{"line":48,"column":5}},"5":{"start":{"line":47,"column":6},"end":{"line":47,"column":37}},"6":{"start":{"line":51,"column":25},"end":{"line":51,"column":67}},"7":{"start":{"line":56,"column":2},"end":{"line":70,"column":3}},"8":{"start":{"line":57,"column":4},"end":{"line":69,"column":6}},"9":{"start":{"line":72,"column":2},"end":{"line":122,"column":4}}},"fnMap":{"0":{"name":"(anonymous_0)","decl":{"start":{"line":28,"column":29},"end":{"line":28,"column":30}},"loc":{"start":{"line":42,"column":6},"end":{"line":123,"column":1}},"line":42},"1":{"name":"(anonymous_1)","decl":{"start":{"line":45,"column":19},"end":{"line":45,"column":20}},"loc":{"start":{"line":45,"column":25},"end":{"line":49,"column":3}},"line":45}},"branchMap":{"0":{"loc":{"start":{"line":31,"column":2},"end":{"line":31,"column":24}},"type":"default-arg","locations":[{"start":{"line":31,"column":19},"end":{"line":31,"column":24}}],"line":31},"1":{"loc":{"start":{"line":32,"column":2},"end":{"line":32,"column":20}},"type":"default-arg","locations":[{"start":{"line":32,"column":15},"end":{"line":32,"column":20}}],"line":32},"2":{"loc":{"start":{"line":33,"column":2},"end":{"line":33,"column":20}},"type":"default-arg","locations":[{"start":{"line":33,"column":15},"end":{"line":33,"column":20}}],"line":33},"3":{"loc":{"start":{"line":34,"column":2},"end":{"line":34,"column":21}},"type":"default-arg","locations":[{"start":{"line":34,"column":16},"end":{"line":34,"column":21}}],"line":34},"4":{"loc":{"start":{"line":35,"column":2},"end":{"line":35,"column":23}},"type":"default-arg","locations":[{"start":{"line":35,"column":18},"end":{"line":35,"column":23}}],"line":35},"5":{"loc":{"start":{"line":36,"column":2},"end":{"line":36,"column":18}},"type":"default-arg","locations":[{"start":{"line":36,"column":13},"end":{"line":36,"column":18}}],"line":36},"6":{"loc":{"start":{"line":37,"column":2},"end":{"line":37,"column":23}},"type":"default-arg","locations":[{"start":{"line":37,"column":18},"end":{"line":37,"column":23}}],"line":37},"7":{"loc":{"start":{"line":38,"column":2},"end":{"line":38,"column":21}},"type":"default-arg","locations":[{"start":{"line":38,"column":16},"end":{"line":38,"column":21}}],"line":38},"8":{"loc":{"start":{"line":39,"column":2},"end":{"line":39,"column":24}},"type":"default-arg","locations":[{"start":{"line":39,"column":19},"end":{"line":39,"column":24}}],"line":39},"9":{"loc":{"start":{"line":40,"column":2},"end":{"line":40,"column":22}},"type":"default-arg","locations":[{"start":{"line":40,"column":17},"end":{"line":40,"column":22}}],"line":40},"10":{"loc":{"start":{"line":41,"column":2},"end":{"line":41,"column":20}},"type":"default-arg","locations":[{"start":{"line":41,"column":15},"end":{"line":41,"column":20}}],"line":41},"11":{"loc":{"start":{"line":46,"column":4},"end":{"line":48,"column":5}},"type":"if","locations":[{"start":{"line":46,"column":4},"end":{"line":48,"column":5}},{"start":{"line":46,"column":4},"end":{"line":48,"column":5}}],"line":46},"12":{"loc":{"start":{"line":51,"column":25},"end":{"line":51,"column":67}},"type":"binary-expr","locations":[{"start":{"line":51,"column":25},"end":{"line":51,"column":35}},{"start":{"line":51,"column":39},"end":{"line":51,"column":50}},{"start":{"line":51,"column":54},"end":{"line":51,"column":67}}],"line":51},"13":{"loc":{"start":{"line":56,"column":2},"end":{"line":70,"column":3}},"type":"if","locations":[{"start":{"line":56,"column":2},"end":{"line":70,"column":3}},{"start":{"line":56,"column":2},"end":{"line":70,"column":3}}],"line":56},"14":{"loc":{"start":{"line":61,"column":28},"end":{"line":61,"column":62}},"type":"cond-expr","locations":[{"start":{"line":61,"column":35},"end":{"line":61,"column":57}},{"start":{"line":61,"column":60},"end":{"line":61,"column":62}}],"line":61},"15":{"loc":{"start":{"line":66,"column":11},"end":{"line":66,"column":41}},"type":"binary-expr","locations":[{"start":{"line":66,"column":11},"end":{"line":66,"column":25}},{"start":{"line":66,"column":29},"end":{"line":66,"column":41}}],"line":66},"16":{"loc":{"start":{"line":75,"column":26},"end":{"line":75,"column":60}},"type":"cond-expr","locations":[{"start":{"line":75,"column":33},"end":{"line":75,"column":55}},{"start":{"line":75,"column":58},"end":{"line":75,"column":60}}],"line":75},"17":{"loc":{"start":{"line":77,"column":21},"end":{"line":77,"column":45}},"type":"binary-expr","locations":[{"start":{"line":77,"column":21},"end":{"line":77,"column":31}},{"start":{"line":77,"column":35},"end":{"line":77,"column":45}}],"line":77},"18":{"loc":{"start":{"line":78,"column":21},"end":{"line":78,"column":43}},"type":"binary-expr","locations":[{"start":{"line":78,"column":21},"end":{"line":78,"column":31}},{"start":{"line":78,"column":35},"end":{"line":78,"column":43}}],"line":78},"19":{"loc":{"start":{"line":80,"column":16},"end":{"line":80,"column":40}},"type":"binary-expr","locations":[{"start":{"line":80,"column":16},"end":{"line":80,"column":26}},{"start":{"line":80,"column":30},"end":{"line":80,"column":40}}],"line":80},"20":{"loc":{"start":{"line":84,"column":8},"end":{"line":84,"column":44}},"type":"binary-expr","locations":[{"start":{"line":84,"column":8},"end":{"line":84,"column":16}},{"start":{"line":84,"column":20},"end":{"line":84,"column":44}}],"line":84},"21":{"loc":{"start":{"line":85,"column":8},"end":{"line":85,"column":48}},"type":"binary-expr","locations":[{"start":{"line":85,"column":8},"end":{"line":85,"column":18}},{"start":{"line":85,"column":22},"end":{"line":85,"column":48}}],"line":85},"22":{"loc":{"start":{"line":86,"column":8},"end":{"line":86,"column":48}},"type":"binary-expr","locations":[{"start":{"line":86,"column":8},"end":{"line":86,"column":18}},{"start":{"line":86,"column":22},"end":{"line":86,"column":48}}],"line":86},"23":{"loc":{"start":{"line":87,"column":8},"end":{"line":87,"column":50}},"type":"binary-expr","locations":[{"start":{"line":87,"column":8},"end":{"line":87,"column":19}},{"start":{"line":87,"column":23},"end":{"line":87,"column":50}}],"line":87},"24":{"loc":{"start":{"line":88,"column":8},"end":{"line":88,"column":54}},"type":"binary-expr","locations":[{"start":{"line":88,"column":8},"end":{"line":88,"column":21}},{"start":{"line":88,"column":25},"end":{"line":88,"column":54}}],"line":88},"25":{"loc":{"start":{"line":89,"column":8},"end":{"line":89,"column":54}},"type":"binary-expr","locations":[{"start":{"line":89,"column":8},"end":{"line":89,"column":21}},{"start":{"line":89,"column":25},"end":{"line":89,"column":54}}],"line":89},"26":{"loc":{"start":{"line":90,"column":8},"end":{"line":90,"column":50}},"type":"binary-expr","locations":[{"start":{"line":90,"column":8},"end":{"line":90,"column":19}},{"start":{"line":90,"column":23},"end":{"line":90,"column":50}}],"line":90},"27":{"loc":{"start":{"line":91,"column":8},"end":{"line":91,"column":56}},"type":"binary-expr","locations":[{"start":{"line":91,"column":8},"end":{"line":91,"column":22}},{"start":{"line":91,"column":26},"end":{"line":91,"column":56}}],"line":91},"28":{"loc":{"start":{"line":92,"column":8},"end":{"line":92,"column":52}},"type":"binary-expr","locations":[{"start":{"line":92,"column":8},"end":{"line":92,"column":20}},{"start":{"line":92,"column":24},"end":{"line":92,"column":52}}],"line":92},"29":{"loc":{"start":{"line":93,"column":8},"end":{"line":93,"column":45}},"type":"binary-expr","locations":[{"start":{"line":93,"column":8},"end":{"line":93,"column":18}},{"start":{"line":93,"column":22},"end":{"line":93,"column":45}}],"line":93},"30":{"loc":{"start":{"line":97,"column":15},"end":{"line":97,"column":60}},"type":"binary-expr","locations":[{"start":{"line":97,"column":15},"end":{"line":97,"column":29}},{"start":{"line":97,"column":33},"end":{"line":97,"column":60}}],"line":97},"31":{"loc":{"start":{"line":106,"column":12},"end":{"line":106,"column":43}},"type":"binary-expr","locations":[{"start":{"line":106,"column":12},"end":{"line":106,"column":20}},{"start":{"line":106,"column":24},"end":{"line":106,"column":43}}],"line":106},"32":{"loc":{"start":{"line":107,"column":12},"end":{"line":107,"column":47}},"type":"binary-expr","locations":[{"start":{"line":107,"column":12},"end":{"line":107,"column":22}},{"start":{"line":107,"column":26},"end":{"line":107,"column":47}}],"line":107},"33":{"loc":{"start":{"line":108,"column":12},"end":{"line":108,"column":47}},"type":"binary-expr","locations":[{"start":{"line":108,"column":12},"end":{"line":108,"column":22}},{"start":{"line":108,"column":26},"end":{"line":108,"column":47}}],"line":108},"34":{"loc":{"start":{"line":109,"column":12},"end":{"line":109,"column":49}},"type":"binary-expr","locations":[{"start":{"line":109,"column":12},"end":{"line":109,"column":23}},{"start":{"line":109,"column":27},"end":{"line":109,"column":49}}],"line":109},"35":{"loc":{"start":{"line":110,"column":12},"end":{"line":110,"column":53}},"type":"binary-expr","locations":[{"start":{"line":110,"column":12},"end":{"line":110,"column":25}},{"start":{"line":110,"column":29},"end":{"line":110,"column":53}}],"line":110},"36":{"loc":{"start":{"line":111,"column":12},"end":{"line":111,"column":53}},"type":"binary-expr","locations":[{"start":{"line":111,"column":12},"end":{"line":111,"column":25}},{"start":{"line":111,"column":29},"end":{"line":111,"column":53}}],"line":111},"37":{"loc":{"start":{"line":112,"column":12},"end":{"line":112,"column":49}},"type":"binary-expr","locations":[{"start":{"line":112,"column":12},"end":{"line":112,"column":23}},{"start":{"line":112,"column":27},"end":{"line":112,"column":49}}],"line":112},"38":{"loc":{"start":{"line":113,"column":12},"end":{"line":113,"column":55}},"type":"binary-expr","locations":[{"start":{"line":113,"column":12},"end":{"line":113,"column":26}},{"start":{"line":113,"column":30},"end":{"line":113,"column":55}}],"line":113},"39":{"loc":{"start":{"line":114,"column":12},"end":{"line":114,"column":51}},"type":"binary-expr","locations":[{"start":{"line":114,"column":12},"end":{"line":114,"column":24}},{"start":{"line":114,"column":28},"end":{"line":114,"column":51}}],"line":114},"40":{"loc":{"start":{"line":115,"column":12},"end":{"line":115,"column":44}},"type":"binary-expr","locations":[{"start":{"line":115,"column":12},"end":{"line":115,"column":22}},{"start":{"line":115,"column":26},"end":{"line":115,"column":44}}],"line":115},"41":{"loc":{"start":{"line":117,"column":11},"end":{"line":117,"column":55}},"type":"binary-expr","locations":[{"start":{"line":117,"column":11},"end":{"line":117,"column":21}},{"start":{"line":117,"column":25},"end":{"line":117,"column":39}},{"start":{"line":117,"column":43},"end":{"line":117,"column":55}}],"line":117},"42":{"loc":{"start":{"line":118,"column":11},"end":{"line":118,"column":38}},"type":"binary-expr","locations":[{"start":{"line":118,"column":11},"end":{"line":118,"column":22}},{"start":{"line":118,"column":26},"end":{"line":118,"column":38}}],"line":118}},"s":{"0":4,"1":4,"2":446,"3":446,"4":2,"5":2,"6":446,"7":446,"8":54,"9":392},"f":{"0":446,"1":2},"b":{"0":[26],"1":[22],"2":[441],"3":[444],"4":[443],"5":[442],"6":[78],"7":[78],"8":[78],"9":[78],"10":[26],"11":[2,0],"12":[446,441,439],"13":[54,392],"14":[0,54],"15":[54,0],"16":[392,0],"17":[392,386],"18":[392,387],"19":[392,386],"20":[392,4],"21":[392,6],"22":[392,5],"23":[392,2],"24":[392,3],"25":[392,50],"26":[392,51],"27":[392,14],"28":[392,14],"29":[392,0],"30":[392,10],"31":[392,4],"32":[392,6],"33":[392,5],"34":[392,2],"35":[392,3],"36":[392,50],"37":[392,51],"38":[392,14],"39":[392,14],"40":[392,0],"41":[392,0,0],"42":[392,392]},"_coverageSchema":"1a1c01bbd47fc00a2c39e90264f33305004495a9","hash":"24b5a4c552b11d527fb1d0af2944c140065ad5b4"}
,"/Users/aryella.lacerda/Developer/react-native-easy-calendar/src/Components/Days.tsx": {"path":"/Users/aryella.lacerda/Developer/react-native-easy-calendar/src/Components/Days.tsx","statementMap":{"0":{"start":{"line":23,"column":30},"end":{"line":103,"column":1}},"1":{"start":{"line":32,"column":16},"end":{"line":32,"column":53}},"2":{"start":{"line":33,"column":20},"end":{"line":33,"column":73}},"3":{"start":{"line":34,"column":29},"end":{"line":34,"column":78}},"4":{"start":{"line":37,"column":29},"end":{"line":37,"column":54}},"5":{"start":{"line":38,"column":21},"end":{"line":38,"column":22}},"6":{"start":{"line":39,"column":30},"end":{"line":39,"column":66}},"7":{"start":{"line":41,"column":2},"end":{"line":54,"column":3}},"8":{"start":{"line":42,"column":4},"end":{"line":45,"column":7}},"9":{"start":{"line":47,"column":4},"end":{"line":50,"column":7}},"10":{"start":{"line":52,"column":4},"end":{"line":52,"column":56}},"11":{"start":{"line":53,"column":4},"end":{"line":53,"column":55}},"12":{"start":{"line":56,"column":14},"end":{"line":56,"column":37}},"13":{"start":{"line":57,"column":2},"end":{"line":102,"column":4}},"14":{"start":{"line":60,"column":8},"end":{"line":67,"column":10}},"15":{"start":{"line":70,"column":30},"end":{"line":70,"column":70}},"16":{"start":{"line":71,"column":8},"end":{"line":89,"column":10}},"17":{"start":{"line":92,"column":8},"end":{"line":99,"column":10}}},"fnMap":{"0":{"name":"(anonymous_0)","decl":{"start":{"line":23,"column":30},"end":{"line":23,"column":31}},"loc":{"start":{"line":31,"column":6},"end":{"line":103,"column":1}},"line":31},"1":{"name":"(anonymous_1)","decl":{"start":{"line":59,"column":24},"end":{"line":59,"column":25}},"loc":{"start":{"line":60,"column":8},"end":{"line":67,"column":10}},"line":60},"2":{"name":"(anonymous_2)","decl":{"start":{"line":69,"column":30},"end":{"line":69,"column":31}},"loc":{"start":{"line":69,"column":39},"end":{"line":90,"column":7}},"line":69},"3":{"name":"(anonymous_3)","decl":{"start":{"line":91,"column":22},"end":{"line":91,"column":23}},"loc":{"start":{"line":92,"column":8},"end":{"line":99,"column":10}},"line":92}},"branchMap":{"0":{"loc":{"start":{"line":41,"column":2},"end":{"line":54,"column":3}},"type":"if","locations":[{"start":{"line":41,"column":2},"end":{"line":54,"column":3}},{"start":{"line":41,"column":2},"end":{"line":54,"column":3}}],"line":41},"1":{"loc":{"start":{"line":56,"column":14},"end":{"line":56,"column":37}},"type":"binary-expr","locations":[{"start":{"line":56,"column":14},"end":{"line":56,"column":23}},{"start":{"line":56,"column":27},"end":{"line":56,"column":37}}],"line":56},"2":{"loc":{"start":{"line":84,"column":14},"end":{"line":86,"column":61}},"type":"binary-expr","locations":[{"start":{"line":84,"column":14},"end":{"line":84,"column":39}},{"start":{"line":85,"column":14},"end":{"line":85,"column":62}},{"start":{"line":86,"column":14},"end":{"line":86,"column":61}}],"line":84},"3":{"loc":{"start":{"line":85,"column":22},"end":{"line":85,"column":61}},"type":"binary-expr","locations":[{"start":{"line":85,"column":22},"end":{"line":85,"column":29}},{"start":{"line":85,"column":33},"end":{"line":85,"column":61}}],"line":85},"4":{"loc":{"start":{"line":86,"column":22},"end":{"line":86,"column":60}},"type":"binary-expr","locations":[{"start":{"line":86,"column":22},"end":{"line":86,"column":29}},{"start":{"line":86,"column":33},"end":{"line":86,"column":60}}],"line":86}},"s":{"0":3,"1":12,"2":12,"3":12,"4":12,"5":12,"6":12,"7":12,"8":0,"9":0,"10":12,"11":12,"12":12,"13":12,"14":41,"15":366,"16":366,"17":13},"f":{"0":12,"1":41,"2":366,"3":13},"b":{"0":[0,12],"1":[12,12],"2":[366,363,363],"3":[363,0],"4":[363,0]},"_coverageSchema":"1a1c01bbd47fc00a2c39e90264f33305004495a9","hash":"8f17de10417560c8aa15d3160b48859a40970ce5"}
,"/Users/aryella.lacerda/Developer/react-native-easy-calendar/src/Components/Month.tsx": {"path":"/Users/aryella.lacerda/Developer/react-native-easy-calendar/src/Components/Month.tsx","statementMap":{"0":{"start":{"line":14,"column":31},"end":{"line":44,"column":1}},"1":{"start":{"line":15,"column":16},"end":{"line":15,"column":53}},"2":{"start":{"line":16,"column":17},"end":{"line":16,"column":48}},"3":{"start":{"line":17,"column":16},"end":{"line":17,"column":28}},"4":{"start":{"line":19,"column":2},"end":{"line":43,"column":4}}},"fnMap":{"0":{"name":"(anonymous_0)","decl":{"start":{"line":14,"column":31},"end":{"line":14,"column":32}},"loc":{"start":{"line":14,"column":78},"end":{"line":44,"column":1}},"line":14}},"branchMap":{"0":{"loc":{"start":{"line":30,"column":8},"end":{"line":30,"column":50}},"type":"binary-expr","locations":[{"start":{"line":30,"column":8},"end":{"line":30,"column":18}},{"start":{"line":30,"column":22},"end":{"line":30,"column":50}}],"line":30},"1":{"loc":{"start":{"line":31,"column":8},"end":{"line":31,"column":50}},"type":"binary-expr","locations":[{"start":{"line":31,"column":8},"end":{"line":31,"column":18}},{"start":{"line":31,"column":22},"end":{"line":31,"column":50}}],"line":31},"2":{"loc":{"start":{"line":37,"column":10},"end":{"line":37,"column":47}},"type":"binary-expr","locations":[{"start":{"line":37,"column":10},"end":{"line":37,"column":20}},{"start":{"line":37,"column":24},"end":{"line":37,"column":47}}],"line":37},"3":{"loc":{"start":{"line":38,"column":10},"end":{"line":38,"column":47}},"type":"binary-expr","locations":[{"start":{"line":38,"column":10},"end":{"line":38,"column":20}},{"start":{"line":38,"column":24},"end":{"line":38,"column":47}}],"line":38}},"s":{"0":4,"1":192,"2":192,"3":192,"4":192},"f":{"0":192},"b":{"0":[192,9],"1":[192,32],"2":[192,9],"3":[192,32]},"_coverageSchema":"1a1c01bbd47fc00a2c39e90264f33305004495a9","hash":"bf41a73da6df8abcf934be00c4614b072193b7bf"}
,"/Users/aryella.lacerda/Developer/react-native-easy-calendar/src/Components/Months.page.tsx": {"path":"/Users/aryella.lacerda/Developer/react-native-easy-calendar/src/Components/Months.page.tsx","statementMap":{"0":{"start":{"line":30,"column":58},"end":{"line":43,"column":5}},"1":{"start":{"line":45,"column":4},"end":{"line":45,"column":53}},"2":{"start":{"line":46,"column":4},"end":{"line":46,"column":68}},"3":{"start":{"line":47,"column":4},"end":{"line":47,"column":81}},"4":{"start":{"line":49,"column":4},"end":{"line":49,"column":78}},"5":{"start":{"line":50,"column":4},"end":{"line":52,"column":18}},"6":{"start":{"line":56,"column":26},"end":{"line":59,"column":1}},"7":{"start":{"line":61,"column":25},"end":{"line":67,"column":1}}},"fnMap":{"0":{"name":"(anonymous_0)","decl":{"start":{"line":20,"column":2},"end":{"line":20,"column":3}},"loc":{"start":{"line":29,"column":58},"end":{"line":53,"column":3}},"line":29},"1":{"name":"(anonymous_1)","decl":{"start":{"line":21,"column":19},"end":{"line":21,"column":20}},"loc":{"start":{"line":21,"column":25},"end":{"line":21,"column":27}},"line":21}},"branchMap":{"0":{"loc":{"start":{"line":21,"column":4},"end":{"line":21,"column":27}},"type":"default-arg","locations":[{"start":{"line":21,"column":19},"end":{"line":21,"column":27}}],"line":21},"1":{"loc":{"start":{"line":22,"column":4},"end":{"line":22,"column":23}},"type":"default-arg","locations":[{"start":{"line":22,"column":21},"end":{"line":22,"column":23}}],"line":22},"2":{"loc":{"start":{"line":23,"column":4},"end":{"line":23,"column":37}},"type":"default-arg","locations":[{"start":{"line":23,"column":18},"end":{"line":23,"column":37}}],"line":23},"3":{"loc":{"start":{"line":27,"column":4},"end":{"line":27,"column":26}},"type":"default-arg","locations":[{"start":{"line":27,"column":13},"end":{"line":27,"column":26}}],"line":27},"4":{"loc":{"start":{"line":28,"column":4},"end":{"line":28,"column":24}},"type":"default-arg","locations":[{"start":{"line":28,"column":12},"end":{"line":28,"column":24}}],"line":28},"5":{"loc":{"start":{"line":46,"column":22},"end":{"line":46,"column":67}},"type":"cond-expr","locations":[{"start":{"line":46,"column":40},"end":{"line":46,"column":62}},{"start":{"line":46,"column":65},"end":{"line":46,"column":67}}],"line":46},"6":{"loc":{"start":{"line":47,"column":28},"end":{"line":47,"column":80}},"type":"cond-expr","locations":[{"start":{"line":47,"column":45},"end":{"line":47,"column":75}},{"start":{"line":47,"column":78},"end":{"line":47,"column":80}}],"line":47},"7":{"loc":{"start":{"line":49,"column":22},"end":{"line":49,"column":77}},"type":"cond-expr","locations":[{"start":{"line":49,"column":47},"end":{"line":49,"column":65}},{"start":{"line":49,"column":68},"end":{"line":49,"column":77}}],"line":49},"8":{"loc":{"start":{"line":50,"column":28},"end":{"line":52,"column":17}},"type":"cond-expr","locations":[{"start":{"line":51,"column":8},"end":{"line":51,"column":32}},{"start":{"line":52,"column":8},"end":{"line":52,"column":17}}],"line":50}},"s":{"0":25,"1":25,"2":25,"3":25,"4":25,"5":25,"6":1,"7":1},"f":{"0":25,"1":0},"b":{"0":[23],"1":[19],"2":[25],"3":[23],"4":[24],"5":[15,10],"6":[10,15],"7":[15,10],"8":[10,15]},"_coverageSchema":"1a1c01bbd47fc00a2c39e90264f33305004495a9","hash":"0d2cf4cecd702f2501851ea2c0c86338316087c5"}
,"/Users/aryella.lacerda/Developer/react-native-easy-calendar/src/Components/Months.tsx": {"path":"/Users/aryella.lacerda/Developer/react-native-easy-calendar/src/Components/Months.tsx","statementMap":{"0":{"start":{"line":26,"column":32},"end":{"line":74,"column":1}},"1":{"start":{"line":34,"column":16},"end":{"line":34,"column":53}},"2":{"start":{"line":36,"column":30},"end":{"line":40,"column":3}},"3":{"start":{"line":42,"column":25},"end":{"line":53,"column":22}},"4":{"start":{"line":43,"column":4},"end":{"line":52,"column":6}},"5":{"start":{"line":45,"column":8},"end":{"line":48,"column":9}},"6":{"start":{"line":46,"column":24},"end":{"line":46,"column":73}},"7":{"start":{"line":47,"column":10},"end":{"line":47,"column":33}},"8":{"start":{"line":49,"column":8},"end":{"line":49,"column":24}},"9":{"start":{"line":55,"column":16},"end":{"line":55,"column":43}},"10":{"start":{"line":56,"column":2},"end":{"line":73,"column":4}},"11":{"start":{"line":59,"column":8},"end":{"line":70,"column":10}},"12":{"start":{"line":64,"column":27},"end":{"line":64,"column":67}}},"fnMap":{"0":{"name":"(anonymous_0)","decl":{"start":{"line":26,"column":32},"end":{"line":26,"column":33}},"loc":{"start":{"line":33,"column":6},"end":{"line":74,"column":1}},"line":33},"1":{"name":"(anonymous_1)","decl":{"start":{"line":42,"column":33},"end":{"line":42,"column":34}},"loc":{"start":{"line":42,"column":39},"end":{"line":53,"column":3}},"line":42},"2":{"name":"(anonymous_2)","decl":{"start":{"line":44,"column":6},"end":{"line":44,"column":7}},"loc":{"start":{"line":44,"column":65},"end":{"line":50,"column":7}},"line":44},"3":{"name":"(anonymous_3)","decl":{"start":{"line":58,"column":31},"end":{"line":58,"column":32}},"loc":{"start":{"line":58,"column":49},"end":{"line":71,"column":7}},"line":58},"4":{"name":"(anonymous_4)","decl":{"start":{"line":64,"column":21},"end":{"line":64,"column":22}},"loc":{"start":{"line":64,"column":27},"end":{"line":64,"column":67}},"line":64}},"branchMap":{"0":{"loc":{"start":{"line":45,"column":8},"end":{"line":48,"column":9}},"type":"if","locations":[{"start":{"line":45,"column":8},"end":{"line":48,"column":9}},{"start":{"line":45,"column":8},"end":{"line":48,"column":9}}],"line":45},"1":{"loc":{"start":{"line":45,"column":12},"end":{"line":45,"column":56}},"type":"binary-expr","locations":[{"start":{"line":45,"column":12},"end":{"line":45,"column":33}},{"start":{"line":45,"column":37},"end":{"line":45,"column":56}}],"line":45},"2":{"loc":{"start":{"line":55,"column":16},"end":{"line":55,"column":43}},"type":"binary-expr","locations":[{"start":{"line":55,"column":16},"end":{"line":55,"column":27}},{"start":{"line":55,"column":31},"end":{"line":55,"column":43}}],"line":55},"3":{"loc":{"start":{"line":66,"column":14},"end":{"line":67,"column":74}},"type":"binary-expr","locations":[{"start":{"line":66,"column":14},"end":{"line":66,"column":75}},{"start":{"line":67,"column":14},"end":{"line":67,"column":74}}],"line":66},"4":{"loc":{"start":{"line":66,"column":17},"end":{"line":66,"column":74}},"type":"binary-expr","locations":[{"start":{"line":66,"column":17},"end":{"line":66,"column":24}},{"start":{"line":66,"column":28},"end":{"line":66,"column":74}}],"line":66},"5":{"loc":{"start":{"line":67,"column":17},"end":{"line":67,"column":73}},"type":"binary-expr","locations":[{"start":{"line":67,"column":17},"end":{"line":67,"column":24}},{"start":{"line":67,"column":28},"end":{"line":67,"column":73}}],"line":67}},"s":{"0":3,"1":25,"2":25,"3":25,"4":25,"5":14,"6":14,"7":14,"8":14,"9":25,"10":25,"11":300,"12":2},"f":{"0":25,"1":25,"2":14,"3":300,"4":2},"b":{"0":[14,0],"1":[14,6],"2":[25,15],"3":[300,274],"4":[300,72],"5":[274,72]},"_coverageSchema":"1a1c01bbd47fc00a2c39e90264f33305004495a9","hash":"ddaf0b11b94b8ff71ebfeecbf343a84fa67a3d26"}
,"/Users/aryella.lacerda/Developer/react-native-easy-calendar/src/Components/Title.tsx": {"path":"/Users/aryella.lacerda/Developer/react-native-easy-calendar/src/Components/Title.tsx","statementMap":{"0":{"start":{"line":15,"column":31},"end":{"line":39,"column":1}},"1":{"start":{"line":16,"column":23},"end":{"line":16,"column":60}},"2":{"start":{"line":19,"column":4},"end":{"line":21,"column":35}},"3":{"start":{"line":22,"column":19},"end":{"line":22,"column":34}},"4":{"start":{"line":22,"column":25},"end":{"line":22,"column":34}},"5":{"start":{"line":24,"column":2},"end":{"line":38,"column":4}}},"fnMap":{"0":{"name":"(anonymous_0)","decl":{"start":{"line":15,"column":31},"end":{"line":15,"column":32}},"loc":{"start":{"line":15,"column":78},"end":{"line":39,"column":1}},"line":15},"1":{"name":"(anonymous_1)","decl":{"start":{"line":22,"column":19},"end":{"line":22,"column":20}},"loc":{"start":{"line":22,"column":25},"end":{"line":22,"column":34}},"line":22}},"branchMap":{"0":{"loc":{"start":{"line":19,"column":4},"end":{"line":21,"column":35}},"type":"cond-expr","locations":[{"start":{"line":20,"column":8},"end":{"line":20,"column":40}},{"start":{"line":21,"column":8},"end":{"line":21,"column":35}}],"line":19}},"s":{"0":3,"1":8,"2":8,"3":8,"4":1,"5":8},"f":{"0":8,"1":1},"b":{"0":[8,0]},"_coverageSchema":"1a1c01bbd47fc00a2c39e90264f33305004495a9","hash":"c85fdec566d10c2b26c44c00c876097f240d9ef3"}
,"/Users/aryella.lacerda/Developer/react-native-easy-calendar/src/Components/Weekdays.tsx": {"path":"/Users/aryella.lacerda/Developer/react-native-easy-calendar/src/Components/Weekdays.tsx","statementMap":{"0":{"start":{"line":11,"column":34},"end":{"line":27,"column":1}},"1":{"start":{"line":12,"column":16},"end":{"line":12,"column":53}},"2":{"start":{"line":14,"column":2},"end":{"line":26,"column":4}},"3":{"start":{"line":17,"column":8},"end":{"line":23,"column":15}}},"fnMap":{"0":{"name":"(anonymous_0)","decl":{"start":{"line":11,"column":34},"end":{"line":11,"column":35}},"loc":{"start":{"line":11,"column":48},"end":{"line":27,"column":1}},"line":11},"1":{"name":"(anonymous_1)","decl":{"start":{"line":16,"column":16},"end":{"line":16,"column":17}},"loc":{"start":{"line":17,"column":8},"end":{"line":23,"column":15}},"line":17}},"branchMap":{},"s":{"0":4,"1":4,"2":4,"3":28},"f":{"0":4,"1":28},"b":{},"_coverageSchema":"1a1c01bbd47fc00a2c39e90264f33305004495a9","hash":"e709b94779cfbe1bc3568a16d12b3963680c50f9"}
,"/Users/aryella.lacerda/Developer/react-native-easy-calendar/src/Components/index.ts": {"path":"/Users/aryella.lacerda/Developer/react-native-easy-calendar/src/Components/index.ts","statementMap":{},"fnMap":{},"branchMap":{},"s":{},"f":{},"b":{},"_coverageSchema":"1a1c01bbd47fc00a2c39e90264f33305004495a9","hash":"df24302ccfef30880328519ece6c8a12c93d345e"}
,"/Users/aryella.lacerda/Developer/react-native-easy-calendar/src/Contexts/LocaleContext.tsx": {"path":"/Users/aryella.lacerda/Developer/react-native-easy-calendar/src/Contexts/LocaleContext.tsx","statementMap":{"0":{"start":{"line":5,"column":22},"end":{"line":5,"column":64}}},"fnMap":{},"branchMap":{},"s":{"0":7},"f":{},"b":{},"_coverageSchema":"1a1c01bbd47fc00a2c39e90264f33305004495a9","hash":"9fb2947a618bc04587412a2afc826b8c4376712b"}
,"/Users/aryella.lacerda/Developer/react-native-easy-calendar/src/Contexts/ThemeContext.tsx": {"path":"/Users/aryella.lacerda/Developer/react-native-easy-calendar/src/Contexts/ThemeContext.tsx","statementMap":{"0":{"start":{"line":5,"column":21},"end":{"line":5,"column":61}}},"fnMap":{},"branchMap":{},"s":{"0":7},"f":{},"b":{},"_coverageSchema":"1a1c01bbd47fc00a2c39e90264f33305004495a9","hash":"72b0255500d21d0b65ba430ed72ecd2c5ee39f7d"}
,"/Users/aryella.lacerda/Developer/react-native-easy-calendar/src/Contexts/index.ts": {"path":"/Users/aryella.lacerda/Developer/react-native-easy-calendar/src/Contexts/index.ts","statementMap":{},"fnMap":{},"branchMap":{},"s":{},"f":{},"b":{},"_coverageSchema":"1a1c01bbd47fc00a2c39e90264f33305004495a9","hash":"f04a52cb6def0d142bcdbe95b4484d6e9e90ce26"}
,"/Users/aryella.lacerda/Developer/react-native-easy-calendar/src/Hooks/index.ts": {"path":"/Users/aryella.lacerda/Developer/react-native-easy-calendar/src/Hooks/index.ts","statementMap":{},"fnMap":{},"branchMap":{},"s":{},"f":{},"b":{},"_coverageSchema":"1a1c01bbd47fc00a2c39e90264f33305004495a9","hash":"5096f5929b24321bbacfc3e231e548d749cde503"}
,"/Users/aryella.lacerda/Developer/react-native-easy-calendar/src/Hooks/useSurroundingTimeUnits.ts": {"path":"/Users/aryella.lacerda/Developer/react-native-easy-calendar/src/Hooks/useSurroundingTimeUnits.ts","statementMap":{"0":{"start":{"line":6,"column":0},"end":{"line":6,"column":25}},"1":{"start":{"line":7,"column":0},"end":{"line":7,"column":18}},"2":{"start":{"line":9,"column":32},"end":{"line":58,"column":1}},"3":{"start":{"line":10,"column":2},"end":{"line":57,"column":20}},"4":{"start":{"line":11,"column":25},"end":{"line":11,"column":68}},"5":{"start":{"line":12,"column":23},"end":{"line":12,"column":64}},"6":{"start":{"line":14,"column":18},"end":{"line":29,"column":5}},"7":{"start":{"line":31,"column":24},"end":{"line":31,"column":66}},"8":{"start":{"line":32,"column":22},"end":{"line":32,"column":62}},"9":{"start":{"line":34,"column":17},"end":{"line":51,"column":5}},"10":{"start":{"line":53,"column":4},"end":{"line":56,"column":6}}},"fnMap":{"0":{"name":"(anonymous_0)","decl":{"start":{"line":9,"column":32},"end":{"line":9,"column":33}},"loc":{"start":{"line":9,"column":57},"end":{"line":58,"column":1}},"line":9},"1":{"name":"(anonymous_1)","decl":{"start":{"line":10,"column":23},"end":{"line":10,"column":24}},"loc":{"start":{"line":10,"column":29},"end":{"line":57,"column":3}},"line":10}},"branchMap":{},"s":{"0":4,"1":4,"2":4,"3":15,"4":15,"5":15,"6":15,"7":15,"8":15,"9":15,"10":15},"f":{"0":15,"1":15},"b":{},"_coverageSchema":"1a1c01bbd47fc00a2c39e90264f33305004495a9","hash":"17a4135496651a9f25f5991bc6c4b7a53383c1b5"}
,"/Users/aryella.lacerda/Developer/react-native-easy-calendar/src/Icons/index.ts": {"path":"/Users/aryella.lacerda/Developer/react-native-easy-calendar/src/Icons/index.ts","statementMap":{},"fnMap":{},"branchMap":{},"s":{},"f":{},"b":{},"_coverageSchema":"1a1c01bbd47fc00a2c39e90264f33305004495a9","hash":"1c3bf1366cbbcfc6d54eeccd6ddd5be25169728e"}
,"/Users/aryella.lacerda/Developer/react-native-easy-calendar/src/Icons/rightArrow.png": {"path":"/Users/aryella.lacerda/Developer/react-native-easy-calendar/src/Icons/rightArrow.png","statementMap":{"0":{"start":{"line":1,"column":0},"end":{"line":4,"column":6}}},"fnMap":{},"branchMap":{},"s":{"0":4},"f":{},"b":{},"inputSourceMap":null,"_coverageSchema":"1a1c01bbd47fc00a2c39e90264f33305004495a9","hash":"04d7e2dc78dbfd9494d4f86b3983543566b0d000"}
,"/Users/aryella.lacerda/Developer/react-native-easy-calendar/src/Locales/index.ts": {"path":"/Users/aryella.lacerda/Developer/react-native-easy-calendar/src/Locales/index.ts","statementMap":{},"fnMap":{},"branchMap":{},"s":{},"f":{},"b":{},"_coverageSchema":"1a1c01bbd47fc00a2c39e90264f33305004495a9","hash":"0a30eae3c8ae162250e5398f67d2929715e5fe07"}
,"/Users/aryella.lacerda/Developer/react-native-easy-calendar/src/Themes/DefaultTheme.ts": {"path":"/Users/aryella.lacerda/Developer/react-native-easy-calendar/src/Themes/DefaultTheme.ts","statementMap":{"0":{"start":{"line":6,"column":18},"end":{"line":6,"column":42}},"1":{"start":{"line":7,"column":24},"end":{"line":7,"column":27}},"2":{"start":{"line":8,"column":22},"end":{"line":8,"column":24}},"3":{"start":{"line":10,"column":13},"end":{"line":40,"column":2}},"4":{"start":{"line":42,"column":18},"end":{"line":92,"column":2}},"5":{"start":{"line":94,"column":14},"end":{"line":101,"column":2}},"6":{"start":{"line":103,"column":28},"end":{"line":145,"column":2}}},"fnMap":{},"branchMap":{},"s":{"0":7,"1":7,"2":7,"3":7,"4":7,"5":7,"6":7},"f":{},"b":{},"_coverageSchema":"1a1c01bbd47fc00a2c39e90264f33305004495a9","hash":"c7264f185623de19fd20deb713755d6eb8d69c68"}
,"/Users/aryella.lacerda/Developer/react-native-easy-calendar/src/Themes/index.ts": {"path":"/Users/aryella.lacerda/Developer/react-native-easy-calendar/src/Themes/index.ts","statementMap":{},"fnMap":{},"branchMap":{},"s":{},"f":{},"b":{},"_coverageSchema":"1a1c01bbd47fc00a2c39e90264f33305004495a9","hash":"83e70c9a1d93f748b7b7395d7ca5d4ddfd811f4d"}
,"/Users/aryella.lacerda/Developer/react-native-easy-calendar/src/Utils/addOpacity.ts": {"path":"/Users/aryella.lacerda/Developer/react-native-easy-calendar/src/Utils/addOpacity.ts","statementMap":{"0":{"start":{"line":3,"column":19},"end":{"line":13,"column":1}},"1":{"start":{"line":4,"column":28},"end":{"line":4,"column":48}},"2":{"start":{"line":6,"column":16},"end":{"line":8,"column":18}},"3":{"start":{"line":10,"column":26},"end":{"line":10,"column":48}},"4":{"start":{"line":12,"column":2},"end":{"line":12,"column":38}}},"fnMap":{"0":{"name":"(anonymous_0)","decl":{"start":{"line":3,"column":19},"end":{"line":3,"column":20}},"loc":{"start":{"line":3,"column":63},"end":{"line":13,"column":1}},"line":3}},"branchMap":{},"s":{"0":8,"1":28,"2":28,"3":28,"4":28},"f":{"0":28},"b":{},"_coverageSchema":"1a1c01bbd47fc00a2c39e90264f33305004495a9","hash":"771b77cafd4a9dbbf5380884e7ef3b72719f9842"}
,"/Users/aryella.lacerda/Developer/react-native-easy-calendar/src/Utils/checkChangedProps.ts": {"path":"/Users/aryella.lacerda/Developer/react-native-easy-calendar/src/Utils/checkChangedProps.ts","statementMap":{"0":{"start":{"line":2,"column":2},"end":{"line":8,"column":7}},"1":{"start":{"line":4,"column":6},"end":{"line":4,"column":47}},"2":{"start":{"line":7,"column":6},"end":{"line":7,"column":90}},"3":{"start":{"line":9,"column":2},"end":{"line":9,"column":15}}},"fnMap":{"0":{"name":"(anonymous_0)","decl":{"start":{"line":1,"column":15},"end":{"line":1,"column":16}},"loc":{"start":{"line":1,"column":83},"end":{"line":10,"column":1}},"line":1},"1":{"name":"(anonymous_1)","decl":{"start":{"line":3,"column":12},"end":{"line":3,"column":13}},"loc":{"start":{"line":3,"column":21},"end":{"line":5,"column":5}},"line":3},"2":{"name":"(anonymous_2)","decl":{"start":{"line":6,"column":9},"end":{"line":6,"column":10}},"loc":{"start":{"line":6,"column":18},"end":{"line":8,"column":5}},"line":6}},"branchMap":{},"s":{"0":0,"1":0,"2":0,"3":0},"f":{"0":0,"1":0,"2":0},"b":{},"_coverageSchema":"1a1c01bbd47fc00a2c39e90264f33305004495a9","hash":"1e9c067a0c32ac55711c6090dd3ec32e35cb7970"}
,"/Users/aryella.lacerda/Developer/react-native-easy-calendar/src/Utils/clamp.ts": {"path":"/Users/aryella.lacerda/Developer/react-native-easy-calendar/src/Utils/clamp.ts","statementMap":{"0":{"start":{"line":1,"column":14},"end":{"line":3,"column":1}},"1":{"start":{"line":2,"column":2},"end":{"line":2,"column":43}}},"fnMap":{"0":{"name":"(anonymous_0)","decl":{"start":{"line":1,"column":14},"end":{"line":1,"column":15}},"loc":{"start":{"line":1,"column":57},"end":{"line":3,"column":1}},"line":1}},"branchMap":{},"s":{"0":9,"1":44},"f":{"0":44},"b":{},"_coverageSchema":"1a1c01bbd47fc00a2c39e90264f33305004495a9","hash":"2924f3867bf867ea21c38c50c0a30cfa67ffb263"}
,"/Users/aryella.lacerda/Developer/react-native-easy-calendar/src/Utils/dateRange.ts": {"path":"/Users/aryella.lacerda/Developer/react-native-easy-calendar/src/Utils/dateRange.ts","statementMap":{"0":{"start":{"line":3,"column":18},"end":{"line":20,"column":1}},"1":{"start":{"line":4,"column":23},"end":{"line":4,"column":25}},"2":{"start":{"line":5,"column":23},"end":{"line":5,"column":28}},"3":{"start":{"line":7,"column":2},"end":{"line":9,"column":3}},"4":{"start":{"line":8,"column":4},"end":{"line":8,"column":60}},"5":{"start":{"line":12,"column":13},"end":{"line":12,"column":29}},"6":{"start":{"line":14,"column":2},"end":{"line":17,"column":3}},"7":{"start":{"line":15,"column":4},"end":{"line":15,"column":24}},"8":{"start":{"line":16,"column":4},"end":{"line":16,"column":35}},"9":{"start":{"line":19,"column":2},"end":{"line":19,"column":15}}},"fnMap":{"0":{"name":"(anonymous_0)","decl":{"start":{"line":3,"column":18},"end":{"line":3,"column":19}},"loc":{"start":{"line":3,"column":79},"end":{"line":20,"column":1}},"line":3}},"branchMap":{"0":{"loc":{"start":{"line":3,"column":45},"end":{"line":3,"column":74}},"type":"default-arg","locations":[{"start":{"line":3,"column":69},"end":{"line":3,"column":74}}],"line":3},"1":{"loc":{"start":{"line":7,"column":2},"end":{"line":9,"column":3}},"type":"if","locations":[{"start":{"line":7,"column":2},"end":{"line":9,"column":3}},{"start":{"line":7,"column":2},"end":{"line":9,"column":3}}],"line":7}},"s":{"0":8,"1":40,"2":40,"3":40,"4":1,"5":39,"6":39,"7":670,"8":670,"9":39},"f":{"0":40},"b":{"0":[15],"1":[1,39]},"_coverageSchema":"1a1c01bbd47fc00a2c39e90264f33305004495a9","hash":"8d76e130497d7610076a3137b136ed17d02fce78"}
,"/Users/aryella.lacerda/Developer/react-native-easy-calendar/src/Utils/getExtraDays.ts": {"path":"/Users/aryella.lacerda/Developer/react-native-easy-calendar/src/Utils/getExtraDays.ts","statementMap":{"0":{"start":{"line":4,"column":21},"end":{"line":22,"column":1}},"1":{"start":{"line":5,"column":24},"end":{"line":5,"column":26}},"2":{"start":{"line":6,"column":15},"end":{"line":6,"column":35}},"3":{"start":{"line":9,"column":2},"end":{"line":11,"column":3}},"4":{"start":{"line":10,"column":4},"end":{"line":10,"column":16}},"5":{"start":{"line":18,"column":2},"end":{"line":20,"column":3}},"6":{"start":{"line":18,"column":15},"end":{"line":18,"column":16}},"7":{"start":{"line":19,"column":4},"end":{"line":19,"column":34}},"8":{"start":{"line":21,"column":2},"end":{"line":21,"column":14}}},"fnMap":{"0":{"name":"(anonymous_0)","decl":{"start":{"line":4,"column":21},"end":{"line":4,"column":22}},"loc":{"start":{"line":4,"column":76},"end":{"line":22,"column":1}},"line":4}},"branchMap":{"0":{"loc":{"start":{"line":9,"column":2},"end":{"line":11,"column":3}},"type":"if","locations":[{"start":{"line":9,"column":2},"end":{"line":11,"column":3}},{"start":{"line":9,"column":2},"end":{"line":11,"column":3}}],"line":9}},"s":{"0":7,"1":0,"2":0,"3":0,"4":0,"5":0,"6":0,"7":0,"8":0},"f":{"0":0},"b":{"0":[0,0]},"_coverageSchema":"1a1c01bbd47fc00a2c39e90264f33305004495a9","hash":"adeee3c94184e94d83be7e5c5ebb6cd2bcdeb0b7"}
,"/Users/aryella.lacerda/Developer/react-native-easy-calendar/src/Utils/getSurroundingTimeUnits.ts": {"path":"/Users/aryella.lacerda/Developer/react-native-easy-calendar/src/Utils/getSurroundingTimeUnits.ts","statementMap":{"0":{"start":{"line":3,"column":32},"end":{"line":17,"column":1}},"1":{"start":{"line":4,"column":16},"end":{"line":7,"column":3}},"2":{"start":{"line":8,"column":15},"end":{"line":11,"column":3}},"3":{"start":{"line":13,"column":2},"end":{"line":16,"column":4}}},"fnMap":{"0":{"name":"(anonymous_0)","decl":{"start":{"line":3,"column":32},"end":{"line":3,"column":33}},"loc":{"start":{"line":3,"column":57},"end":{"line":17,"column":1}},"line":3}},"branchMap":{},"s":{"0":8,"1":10,"2":10,"3":10},"f":{"0":10},"b":{},"_coverageSchema":"1a1c01bbd47fc00a2c39e90264f33305004495a9","hash":"2ccd0fbaa742848bb8b659b3f3660137423427ec"}
,"/Users/aryella.lacerda/Developer/react-native-easy-calendar/src/Utils/index.ts": {"path":"/Users/aryella.lacerda/Developer/react-native-easy-calendar/src/Utils/index.ts","statementMap":{},"fnMap":{},"branchMap":{},"s":{},"f":{},"b":{},"_coverageSchema":"1a1c01bbd47fc00a2c39e90264f33305004495a9","hash":"c1e45dc0aaa0eeec5e1d24d1c094ae5dcadb76a0"}
}
