TN:
SF:src/Calendars/BaseCalendar.tsx
FN:60,(anonymous_0)
FN:86,(anonymous_1)
FN:93,(anonymous_2)
FN:106,(anonymous_3)
FN:119,(anonymous_4)
FN:137,(anonymous_5)
FN:147,(anonymous_6)
FN:153,(anonymous_7)
FN:160,(anonymous_8)
FN:166,(anonymous_9)
FN:172,(anonymous_10)
FNF:11
FNH:0
FNDA:0,(anonymous_0)
FNDA:0,(anonymous_1)
FNDA:0,(anonymous_2)
FNDA:0,(anonymous_3)
FNDA:0,(anonymous_4)
FNDA:0,(anonymous_5)
FNDA:0,(anonymous_6)
FNDA:0,(anonymous_7)
FNDA:0,(anonymous_8)
FNDA:0,(anonymous_9)
FNDA:0,(anonymous_10)
DA:31,3
DA:32,3
DA:33,3
DA:60,3
DA:75,0
DA:76,0
DA:78,0
DA:79,0
DA:80,0
DA:81,0
DA:85,0
DA:86,0
DA:90,0
DA:92,0
DA:94,0
DA:95,0
DA:96,0
DA:98,0
DA:105,0
DA:107,0
DA:108,0
DA:109,0
DA:111,0
DA:118,0
DA:120,0
DA:122,0
DA:123,0
DA:124,0
DA:125,0
DA:128,0
DA:129,0
DA:130,0
DA:131,0
DA:137,0
DA:138,0
DA:139,0
DA:147,0
DA:148,0
DA:149,0
DA:150,0
DA:153,0
DA:154,0
DA:155,0
DA:156,0
DA:157,0
DA:160,0
DA:161,0
DA:162,0
DA:163,0
DA:166,0
DA:167,0
DA:168,0
DA:169,0
DA:172,0
DA:173,0
DA:174,0
DA:177,0
DA:178,0
DA:179,0
DA:181,0
LF:60
LH:4
BRDA:82,0,0,0
BRDA:82,0,1,0
BRDA:94,1,0,0
BRDA:94,1,1,0
BRDA:95,2,0,0
BRDA:95,2,1,0
BRDA:107,3,0,0
BRDA:107,3,1,0
BRDA:108,4,0,0
BRDA:108,4,1,0
BRDA:119,5,0,0
BRDA:122,6,0,0
BRDA:122,6,1,0
BRDA:128,7,0,0
BRDA:128,7,1,0
BRDA:177,8,0,0
BRDA:177,8,1,0
BRDA:178,9,0,0
BRDA:178,9,1,0
BRDA:179,10,0,0
BRDA:179,10,1,0
BRDA:187,11,0,0
BRDA:187,11,1,0
BRDA:198,12,0,0
BRDA:198,12,1,0
BRDA:201,13,0,0
BRDA:201,13,1,0
BRDA:218,14,0,0
BRDA:218,14,1,0
BRDA:219,15,0,0
BRDA:219,15,1,0
BRF:31
BRH:0
end_of_record
TN:
SF:src/Components/Arrow.tsx
FN:14,(anonymous_0)
FNF:1
FNH:1
FNDA:9,(anonymous_0)
DA:14,4
DA:15,9
DA:17,9
DA:42,4
LF:4
LH:4
BRDA:25,0,0,9
BRDA:25,0,1,3
BRDA:32,1,0,9
BRDA:32,1,1,3
BRDA:33,2,0,9
BRDA:33,2,1,0
BRF:6
BRH:5
end_of_record
TN:
SF:src/Components/Day.tsx
FN:28,(anonymous_0)
FN:45,(anonymous_1)
FNF:2
FNH:2
FNDA:446,(anonymous_0)
FNDA:2,(anonymous_1)
DA:13,4
DA:28,4
DA:43,446
DA:45,446
DA:46,2
DA:47,2
DA:51,446
DA:56,446
DA:57,54
DA:72,392
LF:10
LH:10
BRDA:31,0,0,26
BRDA:32,1,0,22
BRDA:33,2,0,441
BRDA:34,3,0,444
BRDA:35,4,0,443
BRDA:36,5,0,442
BRDA:37,6,0,78
BRDA:38,7,0,78
BRDA:39,8,0,78
BRDA:40,9,0,78
BRDA:41,10,0,26
BRDA:46,11,0,2
BRDA:46,11,1,0
BRDA:51,12,0,446
BRDA:51,12,1,441
BRDA:51,12,2,439
BRDA:56,13,0,54
BRDA:56,13,1,392
BRDA:61,14,0,0
BRDA:61,14,1,54
BRDA:66,15,0,54
BRDA:66,15,1,0
BRDA:75,16,0,392
BRDA:75,16,1,0
BRDA:77,17,0,392
BRDA:77,17,1,386
BRDA:78,18,0,392
BRDA:78,18,1,387
BRDA:80,19,0,392
BRDA:80,19,1,386
BRDA:84,20,0,392
BRDA:84,20,1,4
BRDA:85,21,0,392
BRDA:85,21,1,6
BRDA:86,22,0,392
BRDA:86,22,1,5
BRDA:87,23,0,392
BRDA:87,23,1,2
BRDA:88,24,0,392
BRDA:88,24,1,3
BRDA:89,25,0,392
BRDA:89,25,1,50
BRDA:90,26,0,392
BRDA:90,26,1,51
BRDA:91,27,0,392
BRDA:91,27,1,14
BRDA:92,28,0,392
BRDA:92,28,1,14
BRDA:93,29,0,392
BRDA:93,29,1,0
BRDA:97,30,0,392
BRDA:97,30,1,10
BRDA:106,31,0,392
BRDA:106,31,1,4
BRDA:107,32,0,392
BRDA:107,32,1,6
BRDA:108,33,0,392
BRDA:108,33,1,5
BRDA:109,34,0,392
BRDA:109,34,1,2
BRDA:110,35,0,392
BRDA:110,35,1,3
BRDA:111,36,0,392
BRDA:111,36,1,50
BRDA:112,37,0,392
BRDA:112,37,1,51
BRDA:113,38,0,392
BRDA:113,38,1,14
BRDA:114,39,0,392
BRDA:114,39,1,14
BRDA:115,40,0,392
BRDA:115,40,1,0
BRDA:117,41,0,392
BRDA:117,41,1,0
BRDA:117,41,2,0
BRDA:118,42,0,392
BRDA:118,42,1,392
BRF:77
BRH:69
end_of_record
TN:
SF:src/Components/Days.tsx
FN:23,(anonymous_0)
FN:59,(anonymous_1)
FN:69,(anonymous_2)
FN:91,(anonymous_3)
FNF:4
FNH:4
FNDA:12,(anonymous_0)
FNDA:41,(anonymous_1)
FNDA:366,(anonymous_2)
FNDA:13,(anonymous_3)
DA:23,3
DA:32,12
DA:33,12
DA:34,12
DA:37,12
DA:38,12
DA:39,12
DA:41,12
DA:42,0
DA:47,0
DA:52,12
DA:53,12
DA:56,12
DA:57,12
DA:60,41
DA:70,366
DA:71,366
DA:92,13
LF:18
LH:16
BRDA:41,0,0,0
BRDA:41,0,1,12
BRDA:56,1,0,12
BRDA:56,1,1,12
BRDA:84,2,0,366
BRDA:84,2,1,363
BRDA:84,2,2,363
BRDA:85,3,0,363
BRDA:85,3,1,0
BRDA:86,4,0,363
BRDA:86,4,1,0
BRF:11
BRH:8
end_of_record
TN:
SF:src/Components/Month.tsx
FN:14,(anonymous_0)
FNF:1
FNH:1
FNDA:192,(anonymous_0)
DA:14,4
DA:15,192
DA:16,192
DA:17,192
DA:19,192
LF:5
LH:5
BRDA:30,0,0,192
BRDA:30,0,1,9
BRDA:31,1,0,192
BRDA:31,1,1,32
BRDA:37,2,0,192
BRDA:37,2,1,9
BRDA:38,3,0,192
BRDA:38,3,1,32
BRF:8
BRH:8
end_of_record
TN:
SF:src/Components/Months.page.tsx
FN:20,(anonymous_0)
FN:21,(anonymous_1)
FNF:2
FNH:1
FNDA:25,(anonymous_0)
FNDA:0,(anonymous_1)
DA:30,25
DA:45,25
DA:46,25
DA:47,25
DA:49,25
DA:50,25
DA:56,1
DA:61,1
LF:8
LH:8
BRDA:21,0,0,23
BRDA:22,1,0,19
BRDA:23,2,0,25
BRDA:27,3,0,23
BRDA:28,4,0,24
BRDA:46,5,0,15
BRDA:46,5,1,10
BRDA:47,6,0,10
BRDA:47,6,1,15
BRDA:49,7,0,15
BRDA:49,7,1,10
BRDA:50,8,0,10
BRDA:50,8,1,15
BRF:13
BRH:13
end_of_record
TN:
SF:src/Components/Months.tsx
FN:26,(anonymous_0)
FN:42,(anonymous_1)
FN:44,(anonymous_2)
FN:58,(anonymous_3)
FN:64,(anonymous_4)
FNF:5
FNH:5
FNDA:25,(anonymous_0)
FNDA:25,(anonymous_1)
FNDA:14,(anonymous_2)
FNDA:300,(anonymous_3)
FNDA:2,(anonymous_4)
DA:26,3
DA:34,25
DA:36,25
DA:42,25
DA:43,25
DA:45,14
DA:46,14
DA:47,14
DA:49,14
DA:55,25
DA:56,25
DA:59,300
DA:64,2
LF:13
LH:13
BRDA:45,0,0,14
BRDA:45,0,1,0
BRDA:45,1,0,14
BRDA:45,1,1,6
BRDA:55,2,0,25
BRDA:55,2,1,15
BRDA:66,3,0,300
BRDA:66,3,1,274
BRDA:66,4,0,300
BRDA:66,4,1,72
BRDA:67,5,0,274
BRDA:67,5,1,72
BRF:12
BRH:11
end_of_record
TN:
SF:src/Components/Title.tsx
FN:15,(anonymous_0)
FN:22,(anonymous_1)
FNF:2
FNH:2
FNDA:8,(anonymous_0)
FNDA:1,(anonymous_1)
DA:15,3
DA:16,8
DA:19,8
DA:22,8
DA:24,8
LF:5
LH:5
BRDA:19,0,0,8
BRDA:19,0,1,0
BRF:2
BRH:1
end_of_record
TN:
SF:src/Components/Weekdays.tsx
FN:11,(anonymous_0)
FN:16,(anonymous_1)
FNF:2
FNH:2
FNDA:4,(anonymous_0)
FNDA:28,(anonymous_1)
DA:11,4
DA:12,4
DA:14,4
DA:17,28
LF:4
LH:4
BRF:0
BRH:0
end_of_record
TN:
SF:src/Components/index.ts
FNF:0
FNH:0
LF:0
LH:0
BRF:0
BRH:0
end_of_record
TN:
SF:src/Contexts/LocaleContext.tsx
FNF:0
FNH:0
DA:5,7
LF:1
LH:1
BRF:0
BRH:0
end_of_record
TN:
SF:src/Contexts/ThemeContext.tsx
FNF:0
FNH:0
DA:5,7
LF:1
LH:1
BRF:0
BRH:0
end_of_record
TN:
SF:src/Contexts/index.ts
FNF:0
FNH:0
LF:0
LH:0
BRF:0
BRH:0
end_of_record
TN:
SF:src/Hooks/index.ts
FNF:0
FNH:0
LF:0
LH:0
BRF:0
BRH:0
end_of_record
TN:
SF:src/Hooks/useSurroundingTimeUnits.ts
FN:9,(anonymous_0)
FN:10,(anonymous_1)
FNF:2
FNH:2
FNDA:15,(anonymous_0)
FNDA:15,(anonymous_1)
DA:6,4
DA:7,4
DA:9,4
DA:10,15
DA:11,15
DA:12,15
DA:14,15
DA:31,15
DA:32,15
DA:34,15
DA:53,15
LF:11
LH:11
BRF:0
BRH:0
end_of_record
TN:
SF:src/Icons/index.ts
FNF:0
FNH:0
LF:0
LH:0
BRF:0
BRH:0
end_of_record
TN:
SF:src/Icons/rightArrow.png
FNF:0
FNH:0
DA:1,4
LF:1
LH:1
BRF:0
BRH:0
end_of_record
TN:
SF:src/Locales/index.ts
FNF:0
FNH:0
LF:0
LH:0
BRF:0
BRH:0
end_of_record
TN:
SF:src/Themes/DefaultTheme.ts
FNF:0
FNH:0
DA:6,7
DA:7,7
DA:8,7
DA:10,7
DA:42,7
DA:94,7
DA:103,7
LF:7
LH:7
BRF:0
BRH:0
end_of_record
TN:
SF:src/Themes/index.ts
FNF:0
FNH:0
LF:0
LH:0
BRF:0
BRH:0
end_of_record
TN:
SF:src/Utils/addOpacity.ts
FN:3,(anonymous_0)
FNF:1
FNH:1
FNDA:28,(anonymous_0)
DA:3,8
DA:4,28
DA:6,28
DA:10,28
DA:12,28
LF:5
LH:5
BRF:0
BRH:0
end_of_record
TN:
SF:src/Utils/checkChangedProps.ts
FN:1,(anonymous_0)
FN:3,(anonymous_1)
FN:6,(anonymous_2)
FNF:3
FNH:0
FNDA:0,(anonymous_0)
FNDA:0,(anonymous_1)
FNDA:0,(anonymous_2)
DA:2,0
DA:4,0
DA:7,0
DA:9,0
LF:4
LH:0
BRF:0
BRH:0
end_of_record
TN:
SF:src/Utils/clamp.ts
FN:1,(anonymous_0)
FNF:1
FNH:1
FNDA:44,(anonymous_0)
DA:1,9
DA:2,44
LF:2
LH:2
BRF:0
BRH:0
end_of_record
TN:
SF:src/Utils/dateRange.ts
FN:3,(anonymous_0)
FNF:1
FNH:1
FNDA:40,(anonymous_0)
DA:3,8
DA:4,40
DA:5,40
DA:7,40
DA:8,1
DA:12,39
DA:14,39
DA:15,670
DA:16,670
DA:19,39
LF:10
LH:10
BRDA:3,0,0,15
BRDA:7,1,0,1
BRDA:7,1,1,39
BRF:3
BRH:3
end_of_record
TN:
SF:src/Utils/getExtraDays.ts
FN:4,(anonymous_0)
FNF:1
FNH:0
FNDA:0,(anonymous_0)
DA:4,7
DA:5,0
DA:6,0
DA:9,0
DA:10,0
DA:18,0
DA:19,0
DA:21,0
LF:8
LH:1
BRDA:9,0,0,0
BRDA:9,0,1,0
BRF:2
BRH:0
end_of_record
TN:
SF:src/Utils/getSurroundingTimeUnits.ts
FN:3,(anonymous_0)
FNF:1
FNH:1
FNDA:10,(anonymous_0)
DA:3,8
DA:4,10
DA:8,10
DA:13,10
LF:4
LH:4
BRF:0
BRH:0
end_of_record
TN:
SF:src/Utils/index.ts
FNF:0
FNH:0
LF:0
LH:0
BRF:0
BRH:0
end_of_record
